\BOOKMARK [0][-]{chapter.1}{\376\377\000W\000e\000l\000c\000o\000m\000e\000\040\000t\000o\000\040\000d\000e\040\031\000s\000\040\000d\000o\000c\000u\000m\000e\000n\000t\000a\000t\000i\000o\000n\000!}{}% 1
\BOOKMARK [0][-]{chapter.2}{\376\377\000H\000o\000w\000\040\000t\000o\000\040\000c\000i\000t\000e}{}% 2
\BOOKMARK [1][-]{section.2.1}{\376\377\000I\000n\000s\000t\000a\000l\000l\000a\000t\000i\000o\000n}{chapter.2}% 3
\BOOKMARK [2][-]{subsection.2.1.1}{\376\377\000P\000y\000P\000I}{section.2.1}% 4
\BOOKMARK [2][-]{subsection.2.1.2}{\376\377\000G\000i\000t\000H\000u\000b}{section.2.1}% 5
\BOOKMARK [2][-]{subsection.2.1.3}{\376\377\000N\000o\000t\000e}{section.2.1}% 6
\BOOKMARK [1][-]{section.2.2}{\376\377\000G\000e\000t\000t\000i\000n\000g\000\040\000s\000t\000a\000r\000t\000e\000d}{chapter.2}% 7
\BOOKMARK [2][-]{subsection.2.2.1}{\376\377\000D\000i\000a\000g\000n\000o\000s\000t\000i\000c\000\040\000E\000f\000f\000i\000c\000i\000e\000n\000c\000y}{section.2.2}% 8
\BOOKMARK [2][-]{subsection.2.2.2}{\376\377\000D\000i\000a\000g\000n\000o\000s\000t\000i\000c\000\040\000p\000o\000l\000a\000r\000\040\000p\000l\000o\000t}{section.2.2}% 9
\BOOKMARK [1][-]{section.2.3}{\376\377\000T\000u\000t\000o\000r\000i\000a\000l\000s}{chapter.2}% 10
\BOOKMARK [2][-]{subsection.2.3.1}{\376\377\000P\000r\000o\000o\000f\000\040\000o\000f\000\040\000c\000o\000n\000c\000e\000p\000t}{section.2.3}% 11
\BOOKMARK [2][-]{subsection.2.3.2}{\376\377\000R\000e\000a\000l\000\040\000c\000a\000s\000e\000\040\000e\000x\000a\000m\000p\000l\000e}{section.2.3}% 12
\BOOKMARK [1][-]{section.2.4}{\376\377\000C\000o\000d\000e\000\040\000R\000e\000f\000e\000r\000e\000n\000c\000e}{chapter.2}% 13
\BOOKMARK [2][-]{subsection.2.4.1}{\376\377\000d\000e}{section.2.4}% 14
\BOOKMARK [2][-]{subsection.2.4.2}{\376\377\000g\000e\000n\000e\000r\000a\000t\000e\000\137\000e\000r\000r\000o\000r\000s}{section.2.4}% 15
\BOOKMARK [2][-]{subsection.2.4.3}{\376\377\000k\000g\000e}{section.2.4}% 16
\BOOKMARK [2][-]{subsection.2.4.4}{\376\377\000n\000s\000e}{section.2.4}% 17
\BOOKMARK [1][-]{section.2.5}{\376\377\000C\000h\000a\000n\000g\000e\000l\000o\000g}{chapter.2}% 18
\BOOKMARK [2][-]{subsection.2.5.1}{\376\377\000V\000e\000r\000s\000i\000o\000n\000\040\0000\000.\0001}{section.2.5}% 19
\BOOKMARK [0][-]{section*.32}{\376\377\000I\000n\000d\000e\000x}{}% 20
